

times in msec
 clock   self+sourced   self:  sourced script
 clock   elapsed:              other lines

000.011  000.011: --- NVIM STARTING ---
000.494  000.483: locale set
000.989  000.495: inits 1
001.014  000.026: window checked
001.019  000.005: parsing arguments
001.175  000.156: expanding arguments
001.239  000.063: inits 2
002.410  001.171: init highlight
002.564  000.155: waiting for UI
003.747  001.183: done waiting for UI
003.765  000.018: initialized screen early for UI
006.753  002.766  002.766: sourcing /home/jedi/.config/nvim/autoload/plug.vim
016.748  003.697  003.697: sourcing /home/jedi/.config/nvim/autoload/plugged/vim-polyglot/ftdetect/polyglot.vim
016.890  008.504  004.807: sourcing /usr/share/nvim/runtime/filetype.vim
016.986  000.025  000.025: sourcing /usr/share/nvim/runtime/ftplugin.vim
017.077  000.022  000.022: sourcing /usr/share/nvim/runtime/indent.vim
017.491  000.239  000.239: sourcing /usr/share/nvim/runtime/syntax/syncolor.vim
017.575  000.388  000.148: sourcing /usr/share/nvim/runtime/syntax/synload.vim
017.595  000.473  000.086: sourcing /usr/share/nvim/runtime/syntax/syntax.vim
017.605  013.705  001.914: sourcing /home/jedi/.config/nvim/vim-plug/plugins.vim
017.965  000.303  000.303: sourcing /usr/share/nvim/runtime/syntax/nosyntax.vim
018.186  000.105  000.105: sourcing /usr/share/nvim/runtime/syntax/syncolor.vim
018.264  000.246  000.141: sourcing /usr/share/nvim/runtime/syntax/synload.vim
018.283  000.643  000.094: sourcing /usr/share/nvim/runtime/syntax/syntax.vim
018.738  000.120  000.120: sourcing /usr/share/nvim/runtime/syntax/syncolor.vim
018.987  001.365  000.601: sourcing /home/jedi/.config/nvim/general/settings.vim
019.090  000.086  000.086: sourcing /home/jedi/.config/nvim/keys/mappings.vim
019.094  015.233  000.077: sourcing /home/jedi/.config/nvim/init.vim
019.096  000.098: sourcing vimrc file(s)
019.680  000.117  000.117: sourcing /home/jedi/.config/nvim/autoload/plugged/NERDTree/autoload/nerdtree.vim
020.608  000.371  000.371: sourcing /home/jedi/.config/nvim/autoload/plugged/NERDTree/lib/nerdtree/path.vim
020.758  000.120  000.120: sourcing /home/jedi/.config/nvim/autoload/plugged/NERDTree/lib/nerdtree/menu_controller.vim
020.833  000.048  000.048: sourcing /home/jedi/.config/nvim/autoload/plugged/NERDTree/lib/nerdtree/menu_item.vim
020.923  000.065  000.065: sourcing /home/jedi/.config/nvim/autoload/plugged/NERDTree/lib/nerdtree/key_map.vim
021.087  000.136  000.136: sourcing /home/jedi/.config/nvim/autoload/plugged/NERDTree/lib/nerdtree/bookmark.vim
021.245  000.129  000.129: sourcing /home/jedi/.config/nvim/autoload/plugged/NERDTree/lib/nerdtree/tree_file_node.vim
021.549  000.273  000.273: sourcing /home/jedi/.config/nvim/autoload/plugged/NERDTree/lib/nerdtree/tree_dir_node.vim
021.692  000.115  000.115: sourcing /home/jedi/.config/nvim/autoload/plugged/NERDTree/lib/nerdtree/opener.vim
021.860  000.140  000.140: sourcing /home/jedi/.config/nvim/autoload/plugged/NERDTree/lib/nerdtree/creator.vim
021.918  000.030  000.030: sourcing /home/jedi/.config/nvim/autoload/plugged/NERDTree/lib/nerdtree/flag_set.vim
022.037  000.091  000.091: sourcing /home/jedi/.config/nvim/autoload/plugged/NERDTree/lib/nerdtree/nerdtree.vim
022.243  000.179  000.179: sourcing /home/jedi/.config/nvim/autoload/plugged/NERDTree/lib/nerdtree/ui.vim
022.287  000.016  000.016: sourcing /home/jedi/.config/nvim/autoload/plugged/NERDTree/lib/nerdtree/event.vim
022.339  000.025  000.025: sourcing /home/jedi/.config/nvim/autoload/plugged/NERDTree/lib/nerdtree/notifier.vim
022.664  000.296  000.296: sourcing /home/jedi/.config/nvim/autoload/plugged/NERDTree/autoload/nerdtree/ui_glue.vim
025.116  000.071  000.071: sourcing /home/jedi/.config/nvim/autoload/plugged/NERDTree/nerdtree_plugin/exec_menuitem.vim
025.878  000.225  000.225: sourcing /usr/share/nvim/runtime/autoload/provider/clipboard.vim
026.114  000.983  000.758: sourcing /home/jedi/.config/nvim/autoload/plugged/NERDTree/nerdtree_plugin/fs_menu.vim
026.163  000.031  000.031: sourcing /home/jedi/.config/nvim/autoload/plugged/NERDTree/nerdtree_plugin/vcs.vim
026.341  007.099  003.863: sourcing /home/jedi/.config/nvim/autoload/plugged/NERDTree/plugin/NERD_tree.vim
026.970  000.577  000.577: sourcing /home/jedi/.config/nvim/autoload/plugged/auto-pairs/plugin/auto-pairs.vim
027.511  000.112  000.112: sourcing /usr/share/nvim/runtime/autoload/provider/pythonx.vim
050.719  000.339  000.339: sourcing /usr/share/nvim/runtime/autoload/remote/host.vim
050.898  023.618  023.167: sourcing /usr/share/nvim/runtime/autoload/provider/python3.vim
051.019  023.884  000.266: sourcing /home/jedi/.config/nvim/autoload/plugged/discord.nvim/plugin/discord.vim
052.526  000.831  000.831: sourcing /usr/share/nvim/runtime/plugin/gzip.vim
052.598  000.033  000.033: sourcing /usr/share/nvim/runtime/plugin/health.vim
052.806  000.174  000.174: sourcing /usr/share/nvim/runtime/plugin/man.vim
053.896  000.411  000.411: sourcing /usr/share/nvim/runtime/pack/dist/opt/matchit/plugin/matchit.vim
053.999  001.161  000.749: sourcing /usr/share/nvim/runtime/plugin/matchit.vim
054.274  000.251  000.251: sourcing /usr/share/nvim/runtime/plugin/matchparen.vim
055.128  000.826  000.826: sourcing /usr/share/nvim/runtime/plugin/netrwPlugin.vim
056.027  000.269  000.269: sourcing /usr/share/nvim/runtime/autoload/remote/define.vim
056.890  001.437  001.168: sourcing /home/jedi/.local/share/nvim/rplugin.vim
056.903  001.724  000.287: sourcing /usr/share/nvim/runtime/plugin/rplugin.vim
057.214  000.245  000.245: sourcing /usr/share/nvim/runtime/plugin/shada.vim
057.305  000.045  000.045: sourcing /usr/share/nvim/runtime/plugin/spellfile.vim
057.658  000.314  000.314: sourcing /usr/share/nvim/runtime/plugin/tarPlugin.vim
057.849  000.147  000.147: sourcing /usr/share/nvim/runtime/plugin/tohtml.vim
057.922  000.035  000.035: sourcing /usr/share/nvim/runtime/plugin/tutor.vim
058.344  000.388  000.388: sourcing /usr/share/nvim/runtime/plugin/zipPlugin.vim
058.362  001.532: loading plugins
058.600  000.238: loading packages
058.754  000.154: loading after plugins
058.790  000.036: inits 3
061.685  002.895: reading ShaDa
062.018  000.333: opening buffers
063.901  000.018  000.018: sourcing /usr/share/nvim/runtime/autoload/provider.vim
421.708  000.159  000.159: sourcing /home/jedi/.config/nvim/autoload/plugged/discord.nvim/autoload/discord.vim
423.236  361.041: BufEnter autocommands
423.256  000.019: editing files in windows
426.070  002.814: VimEnter autocommands
426.083  000.013: UIEnter autocommands
426.088  000.005: before starting main loop
426.528  000.440: first screen update
426.530  000.002: --- NVIM STARTED ---


times in msec
 clock   self+sourced   self:  sourced script
 clock   elapsed:              other lines

000.009  000.009: --- NVIM STARTING ---
000.435  000.426: locale set
000.854  000.419: inits 1
000.876  000.022: window checked
000.880  000.004: parsing arguments
001.033  000.152: expanding arguments
001.087  000.054: inits 2
002.134  001.047: init highlight
002.244  000.110: waiting for UI
003.401  001.157: done waiting for UI
003.418  000.017: initialized screen early for UI
006.069  002.443  002.443: sourcing /home/jedi/.config/nvim/autoload/plug.vim
020.958  003.529  003.529: sourcing /home/jedi/.config/nvim/autoload/plugged/vim-polyglot/ftdetect/polyglot.vim
021.085  012.376  008.846: sourcing /usr/share/nvim/runtime/filetype.vim
021.170  000.025  000.025: sourcing /usr/share/nvim/runtime/ftplugin.vim
021.250  000.021  000.021: sourcing /usr/share/nvim/runtime/indent.vim
021.627  000.223  000.223: sourcing /usr/share/nvim/runtime/syntax/syncolor.vim
021.703  000.356  000.133: sourcing /usr/share/nvim/runtime/syntax/synload.vim
021.723  000.432  000.076: sourcing /usr/share/nvim/runtime/syntax/syntax.vim
021.733  018.185  002.889: sourcing /home/jedi/.config/nvim/vim-plug/plugins.vim
022.086  000.301  000.301: sourcing /usr/share/nvim/runtime/syntax/nosyntax.vim
022.282  000.097  000.097: sourcing /usr/share/nvim/runtime/syntax/syncolor.vim
022.350  000.221  000.123: sourcing /usr/share/nvim/runtime/syntax/synload.vim
022.369  000.604  000.083: sourcing /usr/share/nvim/runtime/syntax/syntax.vim
022.764  000.112  000.112: sourcing /usr/share/nvim/runtime/syntax/syncolor.vim
022.997  001.249  000.533: sourcing /home/jedi/.config/nvim/general/settings.vim
023.097  000.083  000.083: sourcing /home/jedi/.config/nvim/keys/mappings.vim
023.100  019.590  000.073: sourcing /home/jedi/.config/nvim/init.vim
023.102  000.094: sourcing vimrc file(s)
023.650  000.111  000.111: sourcing /home/jedi/.config/nvim/autoload/plugged/NERDTree/autoload/nerdtree.vim
024.492  000.335  000.335: sourcing /home/jedi/.config/nvim/autoload/plugged/NERDTree/lib/nerdtree/path.vim
024.625  000.108  000.108: sourcing /home/jedi/.config/nvim/autoload/plugged/NERDTree/lib/nerdtree/menu_controller.vim
024.692  000.044  000.044: sourcing /home/jedi/.config/nvim/autoload/plugged/NERDTree/lib/nerdtree/menu_item.vim
024.773  000.060  000.060: sourcing /home/jedi/.config/nvim/autoload/plugged/NERDTree/lib/nerdtree/key_map.vim
024.921  000.125  000.125: sourcing /home/jedi/.config/nvim/autoload/plugged/NERDTree/lib/nerdtree/bookmark.vim
025.065  000.119  000.119: sourcing /home/jedi/.config/nvim/autoload/plugged/NERDTree/lib/nerdtree/tree_file_node.vim
025.334  000.242  000.242: sourcing /home/jedi/.config/nvim/autoload/plugged/NERDTree/lib/nerdtree/tree_dir_node.vim
025.463  000.105  000.105: sourcing /home/jedi/.config/nvim/autoload/plugged/NERDTree/lib/nerdtree/opener.vim
025.623  000.137  000.137: sourcing /home/jedi/.config/nvim/autoload/plugged/NERDTree/lib/nerdtree/creator.vim
025.674  000.028  000.028: sourcing /home/jedi/.config/nvim/autoload/plugged/NERDTree/lib/nerdtree/flag_set.vim
025.780  000.084  000.084: sourcing /home/jedi/.config/nvim/autoload/plugged/NERDTree/lib/nerdtree/nerdtree.vim
025.967  000.164  000.164: sourcing /home/jedi/.config/nvim/autoload/plugged/NERDTree/lib/nerdtree/ui.vim
026.005  000.014  000.014: sourcing /home/jedi/.config/nvim/autoload/plugged/NERDTree/lib/nerdtree/event.vim
026.051  000.023  000.023: sourcing /home/jedi/.config/nvim/autoload/plugged/NERDTree/lib/nerdtree/notifier.vim
026.338  000.262  000.262: sourcing /home/jedi/.config/nvim/autoload/plugged/NERDTree/autoload/nerdtree/ui_glue.vim
028.619  000.066  000.066: sourcing /home/jedi/.config/nvim/autoload/plugged/NERDTree/nerdtree_plugin/exec_menuitem.vim
029.229  000.182  000.182: sourcing /usr/share/nvim/runtime/autoload/provider/clipboard.vim
029.434  000.802  000.620: sourcing /home/jedi/.config/nvim/autoload/plugged/NERDTree/nerdtree_plugin/fs_menu.vim
029.477  000.028  000.028: sourcing /home/jedi/.config/nvim/autoload/plugged/NERDTree/nerdtree_plugin/vcs.vim
029.626  006.395  003.541: sourcing /home/jedi/.config/nvim/autoload/plugged/NERDTree/plugin/NERD_tree.vim
029.941  000.269  000.269: sourcing /home/jedi/.config/nvim/autoload/plugged/auto-pairs/plugin/auto-pairs.vim
030.174  000.049  000.049: sourcing /usr/share/nvim/runtime/autoload/provider/pythonx.vim
054.021  000.323  000.323: sourcing /usr/share/nvim/runtime/autoload/remote/host.vim
054.200  024.129  023.756: sourcing /usr/share/nvim/runtime/autoload/provider/python3.vim
054.321  024.315  000.186: sourcing /home/jedi/.config/nvim/autoload/plugged/discord.nvim/plugin/discord.vim
055.514  000.733  000.733: sourcing /usr/share/nvim/runtime/plugin/gzip.vim
055.566  000.022  000.022: sourcing /usr/share/nvim/runtime/plugin/health.vim
055.741  000.154  000.154: sourcing /usr/share/nvim/runtime/plugin/man.vim
056.600  000.390  000.390: sourcing /usr/share/nvim/runtime/pack/dist/opt/matchit/plugin/matchit.vim
056.689  000.926  000.536: sourcing /usr/share/nvim/runtime/plugin/matchit.vim
056.950  000.239  000.239: sourcing /usr/share/nvim/runtime/plugin/matchparen.vim
057.752  000.776  000.776: sourcing /usr/share/nvim/runtime/plugin/netrwPlugin.vim
058.519  000.240  000.240: sourcing /usr/share/nvim/runtime/autoload/remote/define.vim
059.297  001.279  001.039: sourcing /home/jedi/.local/share/nvim/rplugin.vim
059.309  001.511  000.232: sourcing /usr/share/nvim/runtime/plugin/rplugin.vim
059.578  000.212  000.212: sourcing /usr/share/nvim/runtime/plugin/shada.vim
059.661  000.042  000.042: sourcing /usr/share/nvim/runtime/plugin/spellfile.vim
059.975  000.279  000.279: sourcing /usr/share/nvim/runtime/plugin/tarPlugin.vim
060.146  000.133  000.133: sourcing /usr/share/nvim/runtime/plugin/tohtml.vim
060.212  000.032  000.032: sourcing /usr/share/nvim/runtime/plugin/tutor.vim
060.575  000.328  000.328: sourcing /usr/share/nvim/runtime/plugin/zipPlugin.vim
060.588  001.121: loading plugins
060.735  000.147: loading packages
060.854  000.118: loading after plugins
060.880  000.026: inits 3
063.860  002.980: reading ShaDa
064.094  000.234: opening buffers
065.160  000.017  000.017: sourcing /usr/share/nvim/runtime/autoload/provider.vim
414.631  000.151  000.151: sourcing /home/jedi/.config/nvim/autoload/plugged/discord.nvim/autoload/discord.vim
416.104  351.842: BufEnter autocommands
416.120  000.016: editing files in windows
417.631  001.511: VimEnter autocommands
417.639  000.008: UIEnter autocommands
417.643  000.004: before starting main loop
418.248  000.604: first screen update
418.257  000.009: --- NVIM STARTED ---


times in msec
 clock   self+sourced   self:  sourced script
 clock   elapsed:              other lines

000.013  000.013: --- NVIM STARTING ---
000.571  000.559: locale set
001.108  000.537: inits 1
001.142  000.034: window checked
001.147  000.005: parsing arguments
001.306  000.159: expanding arguments
001.367  000.061: inits 2
002.618  001.250: init highlight
002.749  000.132: waiting for UI
003.991  001.242: done waiting for UI
003.999  000.008: initialized screen early for UI
005.153  001.043  001.043: sourcing /home/jedi/.config/nvim/autoload/plug.vim
015.082  003.742  003.742: sourcing /home/jedi/.config/nvim/autoload/plugged/vim-polyglot/ftdetect/polyglot.vim
015.222  008.830  005.088: sourcing /usr/share/nvim/runtime/filetype.vim
015.318  000.025  000.025: sourcing /usr/share/nvim/runtime/ftplugin.vim
015.409  000.022  000.022: sourcing /usr/share/nvim/runtime/indent.vim
015.858  000.269  000.269: sourcing /usr/share/nvim/runtime/syntax/syncolor.vim
015.944  000.423  000.154: sourcing /usr/share/nvim/runtime/syntax/synload.vim
015.966  000.511  000.088: sourcing /usr/share/nvim/runtime/syntax/syntax.vim
015.981  011.920  001.489: sourcing /home/jedi/.config/nvim/vim-plug/plugins.vim
016.486  000.425  000.425: sourcing /usr/share/nvim/runtime/syntax/nosyntax.vim
016.716  000.108  000.108: sourcing /usr/share/nvim/runtime/syntax/syncolor.vim
016.797  000.254  000.146: sourcing /usr/share/nvim/runtime/syntax/synload.vim
016.816  000.780  000.102: sourcing /usr/share/nvim/runtime/syntax/syntax.vim
017.276  000.122  000.122: sourcing /usr/share/nvim/runtime/syntax/syncolor.vim
017.522  001.516  000.614: sourcing /home/jedi/.config/nvim/general/settings.vim
017.631  000.090  000.090: sourcing /home/jedi/.config/nvim/keys/mappings.vim
017.635  013.592  000.065: sourcing /home/jedi/.config/nvim/init.vim
017.638  000.047: sourcing vimrc file(s)
018.248  000.120  000.120: sourcing /home/jedi/.config/nvim/autoload/plugged/NERDTree/autoload/nerdtree.vim
019.192  000.375  000.375: sourcing /home/jedi/.config/nvim/autoload/plugged/NERDTree/lib/nerdtree/path.vim
019.341  000.120  000.120: sourcing /home/jedi/.config/nvim/autoload/plugged/NERDTree/lib/nerdtree/menu_controller.vim
019.415  000.047  000.047: sourcing /home/jedi/.config/nvim/autoload/plugged/NERDTree/lib/nerdtree/menu_item.vim
019.504  000.064  000.064: sourcing /home/jedi/.config/nvim/autoload/plugged/NERDTree/lib/nerdtree/key_map.vim
019.665  000.133  000.133: sourcing /home/jedi/.config/nvim/autoload/plugged/NERDTree/lib/nerdtree/bookmark.vim
019.822  000.127  000.127: sourcing /home/jedi/.config/nvim/autoload/plugged/NERDTree/lib/nerdtree/tree_file_node.vim
020.113  000.262  000.262: sourcing /home/jedi/.config/nvim/autoload/plugged/NERDTree/lib/nerdtree/tree_dir_node.vim
020.255  000.113  000.113: sourcing /home/jedi/.config/nvim/autoload/plugged/NERDTree/lib/nerdtree/opener.vim
020.421  000.138  000.138: sourcing /home/jedi/.config/nvim/autoload/plugged/NERDTree/lib/nerdtree/creator.vim
020.477  000.029  000.029: sourcing /home/jedi/.config/nvim/autoload/plugged/NERDTree/lib/nerdtree/flag_set.vim
020.593  000.089  000.089: sourcing /home/jedi/.config/nvim/autoload/plugged/NERDTree/lib/nerdtree/nerdtree.vim
020.803  000.182  000.182: sourcing /home/jedi/.config/nvim/autoload/plugged/NERDTree/lib/nerdtree/ui.vim
020.847  000.015  000.015: sourcing /home/jedi/.config/nvim/autoload/plugged/NERDTree/lib/nerdtree/event.vim
020.899  000.025  000.025: sourcing /home/jedi/.config/nvim/autoload/plugged/NERDTree/lib/nerdtree/notifier.vim
021.210  000.281  000.281: sourcing /home/jedi/.config/nvim/autoload/plugged/NERDTree/autoload/nerdtree/ui_glue.vim
023.650  000.071  000.071: sourcing /home/jedi/.config/nvim/autoload/plugged/NERDTree/nerdtree_plugin/exec_menuitem.vim
024.302  000.195  000.195: sourcing /usr/share/nvim/runtime/autoload/provider/clipboard.vim
024.522  000.857  000.662: sourcing /home/jedi/.config/nvim/autoload/plugged/NERDTree/nerdtree_plugin/fs_menu.vim
024.573  000.029  000.029: sourcing /home/jedi/.config/nvim/autoload/plugged/NERDTree/nerdtree_plugin/vcs.vim
024.747  006.954  003.878: sourcing /home/jedi/.config/nvim/autoload/plugged/NERDTree/plugin/NERD_tree.vim
025.077  000.279  000.279: sourcing /home/jedi/.config/nvim/autoload/plugged/auto-pairs/plugin/auto-pairs.vim
025.372  000.056  000.056: sourcing /usr/share/nvim/runtime/autoload/provider/pythonx.vim
048.124  000.165  000.165: sourcing /usr/share/nvim/runtime/autoload/remote/host.vim
048.214  022.989  022.768: sourcing /usr/share/nvim/runtime/autoload/provider/python3.vim
048.275  023.124  000.136: sourcing /home/jedi/.config/nvim/autoload/plugged/discord.nvim/plugin/discord.vim
049.072  000.549  000.549: sourcing /usr/share/nvim/runtime/plugin/gzip.vim
049.101  000.014  000.014: sourcing /usr/share/nvim/runtime/plugin/health.vim
049.241  000.129  000.129: sourcing /usr/share/nvim/runtime/plugin/man.vim
049.813  000.235  000.235: sourcing /usr/share/nvim/runtime/pack/dist/opt/matchit/plugin/matchit.vim
049.865  000.606  000.371: sourcing /usr/share/nvim/runtime/plugin/matchit.vim
049.992  000.114  000.114: sourcing /usr/share/nvim/runtime/plugin/matchparen.vim
050.408  000.396  000.396: sourcing /usr/share/nvim/runtime/plugin/netrwPlugin.vim
050.786  000.110  000.110: sourcing /usr/share/nvim/runtime/autoload/remote/define.vim
051.163  000.620  000.510: sourcing /home/jedi/.local/share/nvim/rplugin.vim
051.169  000.736  000.117: sourcing /usr/share/nvim/runtime/plugin/rplugin.vim
051.308  000.106  000.106: sourcing /usr/share/nvim/runtime/plugin/shada.vim
051.350  000.020  000.020: sourcing /usr/share/nvim/runtime/plugin/spellfile.vim
051.501  000.134  000.134: sourcing /usr/share/nvim/runtime/plugin/tarPlugin.vim
051.587  000.065  000.065: sourcing /usr/share/nvim/runtime/plugin/tohtml.vim
051.621  000.016  000.016: sourcing /usr/share/nvim/runtime/plugin/tutor.vim
051.798  000.160  000.160: sourcing /usr/share/nvim/runtime/plugin/zipPlugin.vim
051.805  000.764: loading plugins
051.884  000.079: loading packages
051.946  000.062: loading after plugins
051.959  000.013: inits 3
053.308  001.349: reading ShaDa
053.488  000.180: opening buffers
054.620  000.016  000.016: sourcing /usr/share/nvim/runtime/autoload/provider.vim
25228.107  000.166  000.166: sourcing /home/jedi/.config/nvim/autoload/plugged/discord.nvim/autoload/discord.vim
25231.208  25177.538: BufEnter autocommands
25231.224  000.016: editing files in windows
25232.193  000.968: VimEnter autocommands
25232.198  000.006: UIEnter autocommands
25232.203  000.004: before starting main loop
25232.679  000.476: first screen update
25232.681  000.002: --- NVIM STARTED ---
